<?xml version="1.0" encoding="UTF-8"?>
<!-- Generated by org.testng.reporters.JUnitXMLReporter -->
<testsuite hostname="Rohini" name="Command line test" tests="4" failures="0" timestamp="22 Feb 2019 07:10:01 GMT" time="0.02" errors="0">
  <testcase name="all_Blue_Teslas" time="0.007" classname="com.rohini.rental.CarUnitTest"/>
  <testcase name="highestRevenueCar" time="0.0" classname="com.rohini.rental.CarUnitTest"/>
  <testcase name="lowest_Perday_Rental_Cost_ByPrice" time="0.001" classname="com.rohini.rental.CarUnitTest"/>
  <testcase name="lowest_Perday_Rental_Cost_ByPrice_AfterDiscount" time="0.0" classname="com.rohini.rental.CarUnitTest"/>
</testsuite> <!-- Command line test -->
